# JRE version: OpenJDK Runtime Environment (8.0_112-b06) (build 1.8.0_112-release-b06)
# Java VM: OpenJDK 64-Bit Server VM (25.112-b06 mixed mode windows-amd64 compressed oops)
Heap:
 PSYoungGen      total 23040K, used 324K [0x00000000e0000000, 0x00000000e2b00000, 0x0000000100000000)
  eden space 16384K, 1% used [0x00000000e0000000,0x00000000e0051220,0x00000000e1000000)
  from space 6656K, 0% used [0x00000000e1600000,0x00000000e1600000,0x00000000e1c80000)
  to   space 6144K, 0% used [0x00000000e1000000,0x00000000e1000000,0x00000000e1600000)
 ParOldGen       total 32768K, used 7926K [0x00000000a0000000, 0x00000000a2000000, 0x00000000e0000000)
  object space 32768K, 24% used [0x00000000a0000000,0x00000000a07bd9d8,0x00000000a2000000)
 Metaspace       used 21305K, capacity 21690K, committed 22016K, reserved 1069056K
  class space    used 2799K, capacity 2948K, committed 3072K, reserved 1048576K
GC Heap History (10 events):
Event: 8.249 GC heap after
Heap after GC invocations=4 (full 0):
 PSYoungGen      total 18944K, used 2544K [0x00000000e0000000, 0x00000000e1500000, 0x0000000100000000)
  eden space 16384K, 0% used [0x00000000e0000000,0x00000000e0000000,0x00000000e1000000)
  from space 2560K, 99% used [0x00000000e1280000,0x00000000e14fc010,0x00000000e1500000)
  to   space 2560K, 0% used [0x00000000e1000000,0x00000000e1000000,0x00000000e1280000)
 ParOldGen       total 44032K, used 4374K [0x00000000a0000000, 0x00000000a2b00000, 0x00000000e0000000)
  object space 44032K, 9% used [0x00000000a0000000,0x00000000a0445ad0,0x00000000a2b00000)
 Metaspace       used 13150K, capacity 13522K, committed 13696K, reserved 1060864K
  class space    used 1750K, capacity 1874K, committed 1920K, reserved 1048576K
}
Event: 9.318 GC heap before
{Heap before GC invocations=5 (full 0):
 PSYoungGen      total 18944K, used 18928K [0x00000000e0000000, 0x00000000e1500000, 0x0000000100000000)
  eden space 16384K, 100% used [0x00000000e0000000,0x00000000e1000000,0x00000000e1000000)
  from space 2560K, 99% used [0x00000000e1280000,0x00000000e14fc010,0x00000000e1500000)
  to   space 2560K, 0% used [0x00000000e1000000,0x00000000e1000000,0x00000000e1280000)
 ParOldGen       total 44032K, used 4374K [0x00000000a0000000, 0x00000000a2b00000, 0x00000000e0000000)
  object space 44032K, 9% used [0x00000000a0000000,0x00000000a0445ad0,0x00000000a2b00000)
 Metaspace       used 14663K, capacity 14962K, committed 15232K, reserved 1062912K
  class space    used 1997K, capacity 2098K, committed 2176K, reserved 1048576K
Event: 9.335 GC heap after
Heap after GC invocations=5 (full 0):
 PSYoungGen      total 18944K, used 2544K [0x00000000e0000000, 0x00000000e1b00000, 0x0000000100000000)
  eden space 16384K, 0% used [0x00000000e0000000,0x00000000e0000000,0x00000000e1000000)
  from space 2560K, 99% used [0x00000000e1000000,0x00000000e127c010,0x00000000e1280000)
  to   space 5632K, 0% used [0x00000000e1580000,0x00000000e1580000,0x00000000e1b00000)
 ParOldGen       total 44032K, used 6584K [0x00000000a0000000, 0x00000000a2b00000, 0x00000000e0000000)
  object space 44032K, 14% used [0x00000000a0000000,0x00000000a066e278,0x00000000a2b00000)
 Metaspace       used 14663K, capacity 14962K, committed 15232K, reserved 1062912K
  class space    used 1997K, capacity 2098K, committed 2176K, reserved 1048576K
}
Event: 12.345 GC heap before
{Heap before GC invocations=6 (full 0):
 PSYoungGen      total 18944K, used 18928K [0x00000000e0000000, 0x00000000e1b00000, 0x0000000100000000)
  eden space 16384K, 100% used [0x00000000e0000000,0x00000000e1000000,0x00000000e1000000)
  from space 2560K, 99% used [0x00000000e1000000,0x00000000e127c010,0x00000000e1280000)
  to   space 5632K, 0% used [0x00000000e1580000,0x00000000e1580000,0x00000000e1b00000)
 ParOldGen       total 44032K, used 6584K [0x00000000a0000000, 0x00000000a2b00000, 0x00000000e0000000)
  object space 44032K, 14% used [0x00000000a0000000,0x00000000a066e278,0x00000000a2b00000)
 Metaspace       used 16687K, capacity 17102K, committed 17408K, reserved 1064960K
  class space    used 2319K, capacity 2464K, committed 2560K, reserved 1048576K
Event: 12.370 GC heap after
Heap after GC invocations=6 (full 0):
 PSYoungGen      total 21504K, used 4772K [0x00000000e0000000, 0x00000000e1c00000, 0x0000000100000000)
  eden space 15872K, 0% used [0x00000000e0000000,0x00000000e0000000,0x00000000e0f80000)
  from space 5632K, 84% used [0x00000000e1580000,0x00000000e1a29230,0x00000000e1b00000)
  to   space 6144K, 0% used [0x00000000e0f80000,0x00000000e0f80000,0x00000000e1580000)
 ParOldGen       total 44032K, used 6592K [0x00000000a0000000, 0x00000000a2b00000, 0x00000000e0000000)
  object space 44032K, 14% used [0x00000000a0000000,0x00000000a0670278,0x00000000a2b00000)
 Metaspace       used 16687K, capacity 17102K, committed 17408K, reserved 1064960K
  class space    used 2319K, capacity 2464K, committed 2560K, reserved 1048576K
}
Event: 15.176 GC heap before
{Heap before GC invocations=7 (full 0):
 PSYoungGen      total 21504K, used 20644K [0x00000000e0000000, 0x00000000e1c00000, 0x0000000100000000)
  eden space 15872K, 100% used [0x00000000e0000000,0x00000000e0f80000,0x00000000e0f80000)
  from space 5632K, 84% used [0x00000000e1580000,0x00000000e1a29230,0x00000000e1b00000)
  to   space 6144K, 0% used [0x00000000e0f80000,0x00000000e0f80000,0x00000000e1580000)
 ParOldGen       total 44032K, used 6592K [0x00000000a0000000, 0x00000000a2b00000, 0x00000000e0000000)
  object space 44032K, 14% used [0x00000000a0000000,0x00000000a0670278,0x00000000a2b00000)
 Metaspace       used 20464K, capacity 20884K, committed 21120K, reserved 1067008K
  class space    used 2766K, capacity 2914K, committed 2944K, reserved 1048576K
Event: 15.204 GC heap after
Heap after GC invocations=7 (full 0):
 PSYoungGen      total 22016K, used 5503K [0x00000000e0000000, 0x00000000e1c80000, 0x0000000100000000)
  eden space 15872K, 0% used [0x00000000e0000000,0x00000000e0000000,0x00000000e0f80000)
  from space 6144K, 89% used [0x00000000e0f80000,0x00000000e14dfd48,0x00000000e1580000)
  to   space 6656K, 0% used [0x00000000e1600000,0x00000000e1600000,0x00000000e1c80000)
 ParOldGen       total 44032K, used 7404K [0x00000000a0000000, 0x00000000a2b00000, 0x00000000e0000000)
  object space 44032K, 16% used [0x00000000a0000000,0x00000000a073b2d8,0x00000000a2b00000)
 Metaspace       used 20464K, capacity 20884K, committed 21120K, reserved 1067008K
  class space    used 2766K, capacity 2914K, committed 2944K, reserved 1048576K
}
Event: 15.485 GC heap before
{Heap before GC invocations=8 (full 0):
 PSYoungGen      total 22016K, used 12365K [0x00000000e0000000, 0x00000000e1c80000, 0x0000000100000000)
  eden space 15872K, 43% used [0x00000000e0000000,0x00000000e06b3780,0x00000000e0f80000)
  from space 6144K, 89% used [0x00000000e0f80000,0x00000000e14dfd48,0x00000000e1580000)
  to   space 6656K, 0% used [0x00000000e1600000,0x00000000e1600000,0x00000000e1c80000)
 ParOldGen       total 44032K, used 7404K [0x00000000a0000000, 0x00000000a2b00000, 0x00000000e0000000)
  object space 44032K, 16% used [0x00000000a0000000,0x00000000a073b2d8,0x00000000a2b00000)
 Metaspace       used 20742K, capacity 21114K, committed 21248K, reserved 1067008K
  class space    used 2799K, capacity 2948K, committed 3072K, reserved 1048576K
Event: 15.507 GC heap after
Heap after GC invocations=8 (full 0):
 PSYoungGen      total 23040K, used 4350K [0x00000000e0000000, 0x00000000e2b00000, 0x0000000100000000)
  eden space 16384K, 0% used [0x00000000e0000000,0x00000000e0000000,0x00000000e1000000)
  from space 6656K, 65% used [0x00000000e1600000,0x00000000e1a3fad0,0x00000000e1c80000)
  to   space 6144K, 0% used [0x00000000e1000000,0x00000000e1000000,0x00000000e1600000)
 ParOldGen       total 44032K, used 8649K [0x00000000a0000000, 0x00000000a2b00000, 0x00000000e0000000)
  object space 44032K, 19% used [0x00000000a0000000,0x00000000a08726e0,0x00000000a2b00000)
 Metaspace       used 20742K, capacity 21114K, committed 21248K, reserved 1067008K
  class space    used 2799K, capacity 2948K, committed 3072K, reserved 1048576K
}
Event: 15.507 GC heap before
{Heap before GC invocations=9 (full 1):
 PSYoungGen      total 23040K, used 4350K [0x00000000e0000000, 0x00000000e2b00000, 0x0000000100000000)
  eden space 16384K, 0% used [0x00000000e0000000,0x00000000e0000000,0x00000000e1000000)
  from space 6656K, 65% used [0x00000000e1600000,0x00000000e1a3fad0,0x00000000e1c80000)
  to   space 6144K, 0% used [0x00000000e1000000,0x00000000e1000000,0x00000000e1600000)
 ParOldGen       total 44032K, used 8649K [0x00000000a0000000, 0x00000000a2b00000, 0x00000000e0000000)
  object space 44032K, 19% used [0x00000000a0000000,0x00000000a08726e0,0x00000000a2b00000)
 Metaspace       used 20742K, capacity 21114K, committed 21248K, reserved 1067008K
  class space    used 2799K, capacity 2948K, committed 3072K, reserved 1048576K

