# JRE version: OpenJDK Runtime Environment (8.0_112-b06) (build 1.8.0_112-release-b06)
# Java VM: OpenJDK 64-Bit Server VM (25.112-b06 mixed mode windows-amd64 compressed oops)
Heap:
 PSYoungGen      total 77824K, used 32905K [0x00000000e0000000, 0x00000000e5680000, 0x0000000100000000)
  eden space 67584K, 43% used [0x00000000e0000000,0x00000000e1c7a2d0,0x00000000e4200000)
  from space 10240K, 36% used [0x00000000e4c00000,0x00000000e4fa84f8,0x00000000e5600000)
  to   space 10240K, 0% used [0x00000000e4200000,0x00000000e4200000,0x00000000e4c00000)
 ParOldGen       total 44544K, used 13944K [0x00000000a0000000, 0x00000000a2b80000, 0x00000000e0000000)
  object space 44544K, 31% used [0x00000000a0000000,0x00000000a0d9e098,0x00000000a2b80000)
 Metaspace       used 38050K, capacity 38918K, committed 39256K, reserved 1083392K
  class space    used 5103K, capacity 5341K, committed 5464K, reserved 1048576K
GC Heap History (10 events):
Event: 26.528 GC heap before
{Heap before GC invocations=12 (full 1):
 PSYoungGen      total 46080K, used 44670K [0x00000000e0000000, 0x00000000e3580000, 0x0000000100000000)
  eden space 38400K, 100% used [0x00000000e0000000,0x00000000e2580000,0x00000000e2580000)
  from space 7680K, 81% used [0x00000000e2d80000,0x00000000e339fb30,0x00000000e3500000)
  to   space 8192K, 0% used [0x00000000e2580000,0x00000000e2580000,0x00000000e2d80000)
 ParOldGen       total 37376K, used 9442K [0x00000000a0000000, 0x00000000a2480000, 0x00000000e0000000)
  object space 37376K, 25% used [0x00000000a0000000,0x00000000a0938b90,0x00000000a2480000)
 Metaspace       used 29957K, capacity 30556K, committed 30720K, reserved 1075200K
  class space    used 4085K, capacity 4246K, committed 4352K, reserved 1048576K
Event: 26.535 GC heap after
Heap after GC invocations=12 (full 1):
 PSYoungGen      total 46592K, used 5492K [0x00000000e0000000, 0x00000000e3c80000, 0x0000000100000000)
  eden space 38400K, 0% used [0x00000000e0000000,0x00000000e0000000,0x00000000e2580000)
  from space 8192K, 67% used [0x00000000e2580000,0x00000000e2add040,0x00000000e2d80000)
  to   space 8192K, 0% used [0x00000000e3480000,0x00000000e3480000,0x00000000e3c80000)
 ParOldGen       total 37376K, used 9450K [0x00000000a0000000, 0x00000000a2480000, 0x00000000e0000000)
  object space 37376K, 25% used [0x00000000a0000000,0x00000000a093ab90,0x00000000a2480000)
 Metaspace       used 29957K, capacity 30556K, committed 30720K, reserved 1075200K
  class space    used 4085K, capacity 4246K, committed 4352K, reserved 1048576K
}
Event: 37.774 GC heap before
{Heap before GC invocations=13 (full 1):
 PSYoungGen      total 46592K, used 43892K [0x00000000e0000000, 0x00000000e3c80000, 0x0000000100000000)
  eden space 38400K, 100% used [0x00000000e0000000,0x00000000e2580000,0x00000000e2580000)
  from space 8192K, 67% used [0x00000000e2580000,0x00000000e2add040,0x00000000e2d80000)
  to   space 8192K, 0% used [0x00000000e3480000,0x00000000e3480000,0x00000000e3c80000)
 ParOldGen       total 37376K, used 9450K [0x00000000a0000000, 0x00000000a2480000, 0x00000000e0000000)
  object space 37376K, 25% used [0x00000000a0000000,0x00000000a093ab90,0x00000000a2480000)
 Metaspace       used 34470K, capacity 35152K, committed 35416K, reserved 1079296K
  class space    used 4663K, capacity 4887K, committed 4952K, reserved 1048576K
Event: 37.788 GC heap after
Heap after GC invocations=13 (full 1):
 PSYoungGen      total 52224K, used 8171K [0x00000000e0000000, 0x00000000e3f00000, 0x0000000100000000)
  eden space 44032K, 0% used [0x00000000e0000000,0x00000000e0000000,0x00000000e2b00000)
  from space 8192K, 99% used [0x00000000e3480000,0x00000000e3c7aef0,0x00000000e3c80000)
  to   space 9728K, 0% used [0x00000000e2b00000,0x00000000e2b00000,0x00000000e3480000)
 ParOldGen       total 37376K, used 11860K [0x00000000a0000000, 0x00000000a2480000, 0x00000000e0000000)
  object space 37376K, 31% used [0x00000000a0000000,0x00000000a0b95108,0x00000000a2480000)
 Metaspace       used 34470K, capacity 35152K, committed 35416K, reserved 1079296K
  class space    used 4663K, capacity 4887K, committed 4952K, reserved 1048576K
}
Event: 37.819 GC heap before
{Heap before GC invocations=14 (full 1):
 PSYoungGen      total 52224K, used 11615K [0x00000000e0000000, 0x00000000e3f00000, 0x0000000100000000)
  eden space 44032K, 7% used [0x00000000e0000000,0x00000000e035cdf8,0x00000000e2b00000)
  from space 8192K, 99% used [0x00000000e3480000,0x00000000e3c7aef0,0x00000000e3c80000)
  to   space 9728K, 0% used [0x00000000e2b00000,0x00000000e2b00000,0x00000000e3480000)
 ParOldGen       total 37376K, used 11860K [0x00000000a0000000, 0x00000000a2480000, 0x00000000e0000000)
  object space 37376K, 31% used [0x00000000a0000000,0x00000000a0b95108,0x00000000a2480000)
 Metaspace       used 34571K, capacity 35280K, committed 35416K, reserved 1079296K
  class space    used 4671K, capacity 4887K, committed 4952K, reserved 1048576K
Event: 37.827 GC heap after
Heap after GC invocations=14 (full 1):
 PSYoungGen      total 53760K, used 7373K [0x00000000e0000000, 0x00000000e5600000, 0x0000000100000000)
  eden space 44032K, 0% used [0x00000000e0000000,0x00000000e0000000,0x00000000e2b00000)
  from space 9728K, 75% used [0x00000000e2b00000,0x00000000e3233740,0x00000000e3480000)
  to   space 10240K, 0% used [0x00000000e4c00000,0x00000000e4c00000,0x00000000e5600000)
 ParOldGen       total 37376K, used 11868K [0x00000000a0000000, 0x00000000a2480000, 0x00000000e0000000)
  object space 37376K, 31% used [0x00000000a0000000,0x00000000a0b97108,0x00000000a2480000)
 Metaspace       used 34571K, capacity 35280K, committed 35416K, reserved 1079296K
  class space    used 4671K, capacity 4887K, committed 4952K, reserved 1048576K
}
Event: 37.827 GC heap before
{Heap before GC invocations=15 (full 2):
 PSYoungGen      total 53760K, used 7373K [0x00000000e0000000, 0x00000000e5600000, 0x0000000100000000)
  eden space 44032K, 0% used [0x00000000e0000000,0x00000000e0000000,0x00000000e2b00000)
  from space 9728K, 75% used [0x00000000e2b00000,0x00000000e3233740,0x00000000e3480000)
  to   space 10240K, 0% used [0x00000000e4c00000,0x00000000e4c00000,0x00000000e5600000)
 ParOldGen       total 37376K, used 11868K [0x00000000a0000000, 0x00000000a2480000, 0x00000000e0000000)
  object space 37376K, 31% used [0x00000000a0000000,0x00000000a0b97108,0x00000000a2480000)
 Metaspace       used 34571K, capacity 35280K, committed 35416K, reserved 1079296K
  class space    used 4671K, capacity 4887K, committed 4952K, reserved 1048576K
Event: 37.910 GC heap after
Heap after GC invocations=15 (full 2):
 PSYoungGen      total 53760K, used 0K [0x00000000e0000000, 0x00000000e5600000, 0x0000000100000000)
  eden space 44032K, 0% used [0x00000000e0000000,0x00000000e0000000,0x00000000e2b00000)
  from space 9728K, 0% used [0x00000000e2b00000,0x00000000e2b00000,0x00000000e3480000)
  to   space 10240K, 0% used [0x00000000e4c00000,0x00000000e4c00000,0x00000000e5600000)
 ParOldGen       total 44544K, used 13936K [0x00000000a0000000, 0x00000000a2b80000, 0x00000000e0000000)
  object space 44544K, 31% used [0x00000000a0000000,0x00000000a0d9c098,0x00000000a2b80000)
 Metaspace       used 34571K, capacity 35280K, committed 35416K, reserved 1079296K
  class space    used 4671K, capacity 4887K, committed 4952K, reserved 1048576K
}
Event: 38.631 GC heap before
{Heap before GC invocations=16 (full 2):
 PSYoungGen      total 53760K, used 44032K [0x00000000e0000000, 0x00000000e5600000, 0x0000000100000000)
  eden space 44032K, 100% used [0x00000000e0000000,0x00000000e2b00000,0x00000000e2b00000)
  from space 9728K, 0% used [0x00000000e2b00000,0x00000000e2b00000,0x00000000e3480000)
  to   space 10240K, 0% used [0x00000000e4c00000,0x00000000e4c00000,0x00000000e5600000)
 ParOldGen       total 44544K, used 13936K [0x00000000a0000000, 0x00000000a2b80000, 0x00000000e0000000)
  object space 44544K, 31% used [0x00000000a0000000,0x00000000a0d9c098,0x00000000a2b80000)
 Metaspace       used 36748K, capacity 37526K, committed 37720K, reserved 1081344K
  class space    used 4934K, capacity 5158K, committed 5208K, reserved 1048576K
Event: 38.641 GC heap after
Heap after GC invocations=16 (full 2):
 PSYoungGen      total 77824K, used 3745K [0x00000000e0000000, 0x00000000e5680000, 0x0000000100000000)
  eden space 67584K, 0% used [0x00000000e0000000,0x00000000e0000000,0x00000000e4200000)
  from space 10240K, 36% used [0x00000000e4c00000,0x00000000e4fa84f8,0x00000000e5600000)
  to   space 10240K, 0% used [0x00000000e4200000,0x00000000e4200000,0x00000000e4c00000)
 ParOldGen       total 44544K, used 13944K [0x00000000a0000000, 0x00000000a2b80000, 0x00000000e0000000)
  object space 44544K, 31% used [0x00000000a0000000,0x00000000a0d9e098,0x00000000a2b80000)
 Metaspace       used 36748K, capacity 37526K, committed 37720K, reserved 1081344K
  class space    used 4934K, capacity 5158K, committed 5208K, reserved 1048576K
}

