# JRE version: OpenJDK Runtime Environment (8.0_112-b06) (build 1.8.0_112-release-b06)
# Java VM: OpenJDK 64-Bit Server VM (25.112-b06 mixed mode windows-amd64 compressed oops)
Heap:
 PSYoungGen      total 144384K, used 20164K [0x00000000e0000000, 0x00000000ec200000, 0x0000000100000000)
  eden space 119296K, 0% used [0x00000000e0000000,0x00000000e0000000,0x00000000e7480000)
  from space 25088K, 80% used [0x00000000e7480000,0x00000000e8831208,0x00000000e8d00000)
  to   space 27136K, 0% used [0x00000000ea780000,0x00000000ea780000,0x00000000ec200000)
 ParOldGen       total 58880K, used 40005K [0x00000000a0000000, 0x00000000a3980000, 0x00000000e0000000)
  object space 58880K, 67% used [0x00000000a0000000,0x00000000a2711710,0x00000000a3980000)
 Metaspace       used 56655K, capacity 59006K, committed 59096K, reserved 1099776K
  class space    used 7679K, capacity 8238K, committed 8320K, reserved 1048576K
GC Heap History (10 events):
Event: 15.208 GC heap after
Heap after GC invocations=15 (full 2):
 PSYoungGen      total 86016K, used 10742K [0x00000000e0000000, 0x00000000e7600000, 0x0000000100000000)
  eden space 75264K, 0% used [0x00000000e0000000,0x00000000e0000000,0x00000000e4980000)
  from space 10752K, 99% used [0x00000000e4980000,0x00000000e53fdbf8,0x00000000e5400000)
  to   space 12288K, 0% used [0x00000000e6a00000,0x00000000e6a00000,0x00000000e7600000)
 ParOldGen       total 58880K, used 17120K [0x00000000a0000000, 0x00000000a3980000, 0x00000000e0000000)
  object space 58880K, 29% used [0x00000000a0000000,0x00000000a10b8180,0x00000000a3980000)
 Metaspace       used 43626K, capacity 44660K, committed 44800K, reserved 1087488K
  class space    used 5873K, capacity 6117K, committed 6144K, reserved 1048576K
}
Event: 17.072 GC heap before
{Heap before GC invocations=16 (full 2):
 PSYoungGen      total 86016K, used 86006K [0x00000000e0000000, 0x00000000e7600000, 0x0000000100000000)
  eden space 75264K, 100% used [0x00000000e0000000,0x00000000e4980000,0x00000000e4980000)
  from space 10752K, 99% used [0x00000000e4980000,0x00000000e53fdbf8,0x00000000e5400000)
  to   space 12288K, 0% used [0x00000000e6a00000,0x00000000e6a00000,0x00000000e7600000)
 ParOldGen       total 58880K, used 17120K [0x00000000a0000000, 0x00000000a3980000, 0x00000000e0000000)
  object space 58880K, 29% used [0x00000000a0000000,0x00000000a10b8180,0x00000000a3980000)
 Metaspace       used 47107K, capacity 48524K, committed 48768K, reserved 1091584K
  class space    used 6404K, capacity 6747K, committed 6784K, reserved 1048576K
Event: 17.109 GC heap after
Heap after GC invocations=16 (full 2):
 PSYoungGen      total 105472K, used 12275K [0x00000000e0000000, 0x00000000e7e00000, 0x0000000100000000)
  eden space 93184K, 0% used [0x00000000e0000000,0x00000000e0000000,0x00000000e5b00000)
  from space 12288K, 99% used [0x00000000e6a00000,0x00000000e75fcc90,0x00000000e7600000)
  to   space 15360K, 0% used [0x00000000e5b00000,0x00000000e5b00000,0x00000000e6a00000)
 ParOldGen       total 58880K, used 20637K [0x00000000a0000000, 0x00000000a3980000, 0x00000000e0000000)
  object space 58880K, 35% used [0x00000000a0000000,0x00000000a1427450,0x00000000a3980000)
 Metaspace       used 47107K, capacity 48524K, committed 48768K, reserved 1091584K
  class space    used 6404K, capacity 6747K, committed 6784K, reserved 1048576K
}
Event: 18.636 GC heap before
{Heap before GC invocations=17 (full 2):
 PSYoungGen      total 105472K, used 105459K [0x00000000e0000000, 0x00000000e7e00000, 0x0000000100000000)
  eden space 93184K, 100% used [0x00000000e0000000,0x00000000e5b00000,0x00000000e5b00000)
  from space 12288K, 99% used [0x00000000e6a00000,0x00000000e75fcc90,0x00000000e7600000)
  to   space 15360K, 0% used [0x00000000e5b00000,0x00000000e5b00000,0x00000000e6a00000)
 ParOldGen       total 58880K, used 20637K [0x00000000a0000000, 0x00000000a3980000, 0x00000000e0000000)
  object space 58880K, 35% used [0x00000000a0000000,0x00000000a1427450,0x00000000a3980000)
 Metaspace       used 50810K, capacity 52630K, committed 52864K, reserved 1095680K
  class space    used 7027K, capacity 7456K, committed 7552K, reserved 1048576K
Event: 18.672 GC heap after
Heap after GC invocations=17 (full 2):
 PSYoungGen      total 108544K, used 15328K [0x00000000e0000000, 0x00000000ea100000, 0x0000000100000000)
  eden space 93184K, 0% used [0x00000000e0000000,0x00000000e0000000,0x00000000e5b00000)
  from space 15360K, 99% used [0x00000000e5b00000,0x00000000e69f81f8,0x00000000e6a00000)
  to   space 20480K, 0% used [0x00000000e8d00000,0x00000000e8d00000,0x00000000ea100000)
 ParOldGen       total 58880K, used 29195K [0x00000000a0000000, 0x00000000a3980000, 0x00000000e0000000)
  object space 58880K, 49% used [0x00000000a0000000,0x00000000a1c82e88,0x00000000a3980000)
 Metaspace       used 50810K, capacity 52630K, committed 52864K, reserved 1095680K
  class space    used 7027K, capacity 7456K, committed 7552K, reserved 1048576K
}
Event: 29.105 GC heap before
{Heap before GC invocations=18 (full 2):
 PSYoungGen      total 108544K, used 108512K [0x00000000e0000000, 0x00000000ea100000, 0x0000000100000000)
  eden space 93184K, 100% used [0x00000000e0000000,0x00000000e5b00000,0x00000000e5b00000)
  from space 15360K, 99% used [0x00000000e5b00000,0x00000000e69f81f8,0x00000000e6a00000)
  to   space 20480K, 0% used [0x00000000e8d00000,0x00000000e8d00000,0x00000000ea100000)
 ParOldGen       total 58880K, used 29195K [0x00000000a0000000, 0x00000000a3980000, 0x00000000e0000000)
  object space 58880K, 49% used [0x00000000a0000000,0x00000000a1c82e88,0x00000000a3980000)
 Metaspace       used 53975K, capacity 56268K, committed 56320K, reserved 1097728K
  class space    used 7377K, capacity 7913K, committed 7936K, reserved 1048576K
Event: 29.259 GC heap after
Heap after GC invocations=18 (full 2):
 PSYoungGen      total 139776K, used 20452K [0x00000000e0000000, 0x00000000eaa00000, 0x0000000100000000)
  eden space 119296K, 0% used [0x00000000e0000000,0x00000000e0000000,0x00000000e7480000)
  from space 20480K, 99% used [0x00000000e8d00000,0x00000000ea0f93e0,0x00000000ea100000)
  to   space 25088K, 0% used [0x00000000e7480000,0x00000000e7480000,0x00000000e8d00000)
 ParOldGen       total 58880K, used 33240K [0x00000000a0000000, 0x00000000a3980000, 0x00000000e0000000)
  object space 58880K, 56% used [0x00000000a0000000,0x00000000a20763a8,0x00000000a3980000)
 Metaspace       used 53975K, capacity 56268K, committed 56320K, reserved 1097728K
  class space    used 7377K, capacity 7913K, committed 7936K, reserved 1048576K
}
Event: 34.031 GC heap before
{Heap before GC invocations=19 (full 2):
 PSYoungGen      total 139776K, used 103785K [0x00000000e0000000, 0x00000000eaa00000, 0x0000000100000000)
  eden space 119296K, 69% used [0x00000000e0000000,0x00000000e5161370,0x00000000e7480000)
  from space 20480K, 99% used [0x00000000e8d00000,0x00000000ea0f93e0,0x00000000ea100000)
  to   space 25088K, 0% used [0x00000000e7480000,0x00000000e7480000,0x00000000e8d00000)
 ParOldGen       total 58880K, used 33240K [0x00000000a0000000, 0x00000000a3980000, 0x00000000e0000000)
  object space 58880K, 56% used [0x00000000a0000000,0x00000000a20763a8,0x00000000a3980000)
 Metaspace       used 56655K, capacity 59006K, committed 59096K, reserved 1099776K
  class space    used 7679K, capacity 8238K, committed 8320K, reserved 1048576K
Event: 34.086 GC heap after
Heap after GC invocations=19 (full 2):
 PSYoungGen      total 144384K, used 20164K [0x00000000e0000000, 0x00000000ec200000, 0x0000000100000000)
  eden space 119296K, 0% used [0x00000000e0000000,0x00000000e0000000,0x00000000e7480000)
  from space 25088K, 80% used [0x00000000e7480000,0x00000000e8831208,0x00000000e8d00000)
  to   space 27136K, 0% used [0x00000000ea780000,0x00000000ea780000,0x00000000ec200000)
 ParOldGen       total 58880K, used 40005K [0x00000000a0000000, 0x00000000a3980000, 0x00000000e0000000)
  object space 58880K, 67% used [0x00000000a0000000,0x00000000a2711710,0x00000000a3980000)
 Metaspace       used 56655K, capacity 59006K, committed 59096K, reserved 1099776K
  class space    used 7679K, capacity 8238K, committed 8320K, reserved 1048576K
}
Event: 34.086 GC heap before
{Heap before GC invocations=20 (full 3):
 PSYoungGen      total 144384K, used 20164K [0x00000000e0000000, 0x00000000ec200000, 0x0000000100000000)
  eden space 119296K, 0% used [0x00000000e0000000,0x00000000e0000000,0x00000000e7480000)
  from space 25088K, 80% used [0x00000000e7480000,0x00000000e8831208,0x00000000e8d00000)
  to   space 27136K, 0% used [0x00000000ea780000,0x00000000ea780000,0x00000000ec200000)
 ParOldGen       total 58880K, used 40005K [0x00000000a0000000, 0x00000000a3980000, 0x00000000e0000000)
  object space 58880K, 67% used [0x00000000a0000000,0x00000000a2711710,0x00000000a3980000)
 Metaspace       used 56655K, capacity 59006K, committed 59096K, reserved 1099776K
  class space    used 7679K, capacity 8238K, committed 8320K, reserved 1048576K

