# JRE version: OpenJDK Runtime Environment (8.0_112-b06) (build 1.8.0_112-release-b06)
# Java VM: OpenJDK 64-Bit Server VM (25.112-b06 mixed mode windows-amd64 compressed oops)
Heap:
 PSYoungGen      total 425984K, used 121343K [0x00000000e0000000, 0x00000000ff780000, 0x0000000100000000)
  eden space 348672K, 23% used [0x00000000e0000000,0x00000000e5028030,0x00000000f5480000)
  from space 77312K, 50% used [0x00000000fac00000,0x00000000fd257d98,0x00000000ff780000)
  to   space 83456K, 0% used [0x00000000f5480000,0x00000000f5480000,0x00000000fa600000)
 ParOldGen       total 229376K, used 183861K [0x00000000a0000000, 0x00000000ae000000, 0x00000000e0000000)
  object space 229376K, 80% used [0x00000000a0000000,0x00000000ab38d6d8,0x00000000ae000000)
 Metaspace       used 79754K, capacity 85606K, committed 85720K, reserved 1124352K
  class space    used 10151K, capacity 10966K, committed 10968K, reserved 1048576K
GC Heap History (10 events):
Event: 2891.673 GC heap before
{Heap before GC invocations=48 (full 6):
 PSYoungGen      total 462336K, used 413737K [0x00000000e0000000, 0x00000000ffe00000, 0x0000000100000000)
  eden space 403456K, 100% used [0x00000000e0000000,0x00000000f8a00000,0x00000000f8a00000)
  from space 58880K, 17% used [0x00000000f8a00000,0x00000000f940a720,0x00000000fc380000)
  to   space 56832K, 0% used [0x00000000fc680000,0x00000000fc680000,0x00000000ffe00000)
 ParOldGen       total 229376K, used 143614K [0x00000000a0000000, 0x00000000ae000000, 0x00000000e0000000)
  object space 229376K, 62% used [0x00000000a0000000,0x00000000a8c3fb20,0x00000000ae000000)
 Metaspace       used 74428K, capacity 78622K, committed 78936K, reserved 1118208K
  class space    used 9302K, capacity 9930K, committed 10072K, reserved 1048576K
Event: 2891.854 GC heap after
Heap after GC invocations=48 (full 6):
 PSYoungGen      total 461312K, used 8921K [0x00000000e0000000, 0x00000000ffa00000, 0x0000000100000000)
  eden space 408576K, 0% used [0x00000000e0000000,0x00000000e0000000,0x00000000f8f00000)
  from space 52736K, 16% used [0x00000000fc680000,0x00000000fcf36718,0x00000000ffa00000)
  to   space 54784K, 0% used [0x00000000f8f00000,0x00000000f8f00000,0x00000000fc480000)
 ParOldGen       total 229376K, used 143622K [0x00000000a0000000, 0x00000000ae000000, 0x00000000e0000000)
  object space 229376K, 62% used [0x00000000a0000000,0x00000000a8c41b20,0x00000000ae000000)
 Metaspace       used 74428K, capacity 78622K, committed 78936K, reserved 1118208K
  class space    used 9302K, capacity 9930K, committed 10072K, reserved 1048576K
}
Event: 2902.517 GC heap before
{Heap before GC invocations=49 (full 6):
 PSYoungGen      total 461312K, used 417497K [0x00000000e0000000, 0x00000000ffa00000, 0x0000000100000000)
  eden space 408576K, 100% used [0x00000000e0000000,0x00000000f8f00000,0x00000000f8f00000)
  from space 52736K, 16% used [0x00000000fc680000,0x00000000fcf36718,0x00000000ffa00000)
  to   space 54784K, 0% used [0x00000000f8f00000,0x00000000f8f00000,0x00000000fc480000)
 ParOldGen       total 229376K, used 143622K [0x00000000a0000000, 0x00000000ae000000, 0x00000000e0000000)
  object space 229376K, 62% used [0x00000000a0000000,0x00000000a8c41b20,0x00000000ae000000)
 Metaspace       used 74458K, capacity 78622K, committed 78936K, reserved 1118208K
  class space    used 9302K, capacity 9930K, committed 10072K, reserved 1048576K
Event: 2902.859 GC heap after
Heap after GC invocations=49 (full 6):
 PSYoungGen      total 462336K, used 53621K [0x00000000e0000000, 0x0000000100000000, 0x0000000100000000)
  eden space 408576K, 0% used [0x00000000e0000000,0x00000000e0000000,0x00000000f8f00000)
  from space 53760K, 99% used [0x00000000f8f00000,0x00000000fc35d480,0x00000000fc380000)
  to   space 61952K, 0% used [0x00000000fc380000,0x00000000fc380000,0x0000000100000000)
 ParOldGen       total 229376K, used 143630K [0x00000000a0000000, 0x00000000ae000000, 0x00000000e0000000)
  object space 229376K, 62% used [0x00000000a0000000,0x00000000a8c43b20,0x00000000ae000000)
 Metaspace       used 74458K, capacity 78622K, committed 78936K, reserved 1118208K
  class space    used 9302K, capacity 9930K, committed 10072K, reserved 1048576K
}
Event: 2909.063 GC heap before
{Heap before GC invocations=50 (full 6):
 PSYoungGen      total 462336K, used 462197K [0x00000000e0000000, 0x0000000100000000, 0x0000000100000000)
  eden space 408576K, 100% used [0x00000000e0000000,0x00000000f8f00000,0x00000000f8f00000)
  from space 53760K, 99% used [0x00000000f8f00000,0x00000000fc35d480,0x00000000fc380000)
  to   space 61952K, 0% used [0x00000000fc380000,0x00000000fc380000,0x0000000100000000)
 ParOldGen       total 229376K, used 143630K [0x00000000a0000000, 0x00000000ae000000, 0x00000000e0000000)
  object space 229376K, 62% used [0x00000000a0000000,0x00000000a8c43b20,0x00000000ae000000)
 Metaspace       used 74458K, capacity 78622K, committed 78936K, reserved 1118208K
  class space    used 9302K, capacity 9930K, committed 10072K, reserved 1048576K
Event: 2909.566 GC heap after
Heap after GC invocations=50 (full 6):
 PSYoungGen      total 407040K, used 61930K [0x00000000e0000000, 0x0000000100000000, 0x0000000100000000)
  eden space 345088K, 0% used [0x00000000e0000000,0x00000000e0000000,0x00000000f5100000)
  from space 61952K, 99% used [0x00000000fc380000,0x00000000ffffaac8,0x0000000100000000)
  to   space 89600K, 0% used [0x00000000f5100000,0x00000000f5100000,0x00000000fa880000)
 ParOldGen       total 229376K, used 183053K [0x00000000a0000000, 0x00000000ae000000, 0x00000000e0000000)
  object space 229376K, 79% used [0x00000000a0000000,0x00000000ab2c3698,0x00000000ae000000)
 Metaspace       used 74458K, capacity 78622K, committed 78936K, reserved 1118208K
  class space    used 9302K, capacity 9930K, committed 10072K, reserved 1048576K
}
Event: 3170.668 GC heap before
{Heap before GC invocations=51 (full 6):
 PSYoungGen      total 407040K, used 407018K [0x00000000e0000000, 0x0000000100000000, 0x0000000100000000)
  eden space 345088K, 100% used [0x00000000e0000000,0x00000000f5100000,0x00000000f5100000)
  from space 61952K, 99% used [0x00000000fc380000,0x00000000ffffaac8,0x0000000100000000)
  to   space 89600K, 0% used [0x00000000f5100000,0x00000000f5100000,0x00000000fa880000)
 ParOldGen       total 229376K, used 183053K [0x00000000a0000000, 0x00000000ae000000, 0x00000000e0000000)
  object space 229376K, 79% used [0x00000000a0000000,0x00000000ab2c3698,0x00000000ae000000)
 Metaspace       used 75245K, capacity 80518K, committed 80728K, reserved 1120256K
  class space    used 9461K, capacity 10218K, committed 10328K, reserved 1048576K
Event: 3171.425 GC heap after
Heap after GC invocations=51 (full 6):
 PSYoungGen      total 434688K, used 36145K [0x00000000e0000000, 0x0000000100000000, 0x0000000100000000)
  eden space 345088K, 0% used [0x00000000e0000000,0x00000000e0000000,0x00000000f5100000)
  from space 89600K, 40% used [0x00000000f5100000,0x00000000f744c5d8,0x00000000fa880000)
  to   space 86016K, 0% used [0x00000000fac00000,0x00000000fac00000,0x0000000100000000)
 ParOldGen       total 229376K, used 183853K [0x00000000a0000000, 0x00000000ae000000, 0x00000000e0000000)
  object space 229376K, 80% used [0x00000000a0000000,0x00000000ab38b6d8,0x00000000ae000000)
 Metaspace       used 75245K, capacity 80518K, committed 80728K, reserved 1120256K
  class space    used 9461K, capacity 10218K, committed 10328K, reserved 1048576K
}
Event: 3817.827 GC heap before
{Heap before GC invocations=52 (full 6):
 PSYoungGen      total 434688K, used 381233K [0x00000000e0000000, 0x0000000100000000, 0x0000000100000000)
  eden space 345088K, 100% used [0x00000000e0000000,0x00000000f5100000,0x00000000f5100000)
  from space 89600K, 40% used [0x00000000f5100000,0x00000000f744c5d8,0x00000000fa880000)
  to   space 86016K, 0% used [0x00000000fac00000,0x00000000fac00000,0x0000000100000000)
 ParOldGen       total 229376K, used 183853K [0x00000000a0000000, 0x00000000ae000000, 0x00000000e0000000)
  object space 229376K, 80% used [0x00000000a0000000,0x00000000ab38b6d8,0x00000000ae000000)
 Metaspace       used 78589K, capacity 84156K, committed 84440K, reserved 1122304K
  class space    used 9898K, capacity 10646K, committed 10712K, reserved 1048576K
Event: 3818.563 GC heap after
Heap after GC invocations=52 (full 6):
 PSYoungGen      total 425984K, used 39263K [0x00000000e0000000, 0x00000000ff780000, 0x0000000100000000)
  eden space 348672K, 0% used [0x00000000e0000000,0x00000000e0000000,0x00000000f5480000)
  from space 77312K, 50% used [0x00000000fac00000,0x00000000fd257d98,0x00000000ff780000)
  to   space 83456K, 0% used [0x00000000f5480000,0x00000000f5480000,0x00000000fa600000)
 ParOldGen       total 229376K, used 183861K [0x00000000a0000000, 0x00000000ae000000, 0x00000000e0000000)
  object space 229376K, 80% used [0x00000000a0000000,0x00000000ab38d6d8,0x00000000ae000000)
 Metaspace       used 78589K, capacity 84156K, committed 84440K, reserved 1122304K
  class space    used 9898K, capacity 10646K, committed 10712K, reserved 1048576K
}

