# JRE version: Java(TM) SE Runtime Environment (8.0_131-b11) (build 1.8.0_131-b11)
# Java VM: Java HotSpot(TM) 64-Bit Server VM (25.131-b11 mixed mode windows-amd64 compressed oops)
Heap:
 PSYoungGen      total 155648K, used 31352K [0x00000000e0000000, 0x00000000edc80000, 0x0000000100000000)
  eden space 111616K, 0% used [0x00000000e0000000,0x00000000e0000000,0x00000000e6d00000)
  from space 44032K, 71% used [0x00000000e6d00000,0x00000000e8b9e108,0x00000000e9800000)
  to   space 46592K, 0% used [0x00000000eaf00000,0x00000000eaf00000,0x00000000edc80000)
 ParOldGen       total 140800K, used 125069K [0x00000000a0000000, 0x00000000a8980000, 0x00000000e0000000)
  object space 140800K, 88% used [0x00000000a0000000,0x00000000a7a235f0,0x00000000a8980000)
 Metaspace       used 72486K, capacity 75622K, committed 75816K, reserved 1114112K
  class space    used 9575K, capacity 10286K, committed 10288K, reserved 1048576K
GC Heap History (10 events):
Event: 674.475 GC heap after
Heap after GC invocations=44 (full 5):
 PSYoungGen      total 118272K, used 31350K [0x00000000e0000000, 0x00000000eaf00000, 0x0000000100000000)
  eden space 82432K, 0% used [0x00000000e0000000,0x00000000e0000000,0x00000000e5080000)
  from space 35840K, 87% used [0x00000000e5080000,0x00000000e6f1da48,0x00000000e7380000)
  to   space 40448K, 0% used [0x00000000e8780000,0x00000000e8780000,0x00000000eaf00000)
 ParOldGen       total 140800K, used 84289K [0x00000000a0000000, 0x00000000a8980000, 0x00000000e0000000)
  object space 140800K, 59% used [0x00000000a0000000,0x00000000a52504c0,0x00000000a8980000)
 Metaspace       used 72360K, capacity 75494K, committed 75560K, reserved 1114112K
  class space    used 9575K, capacity 10286K, committed 10288K, reserved 1048576K
}
Event: 674.852 GC heap before
{Heap before GC invocations=45 (full 5):
 PSYoungGen      total 118272K, used 113782K [0x00000000e0000000, 0x00000000eaf00000, 0x0000000100000000)
  eden space 82432K, 100% used [0x00000000e0000000,0x00000000e5080000,0x00000000e5080000)
  from space 35840K, 87% used [0x00000000e5080000,0x00000000e6f1da48,0x00000000e7380000)
  to   space 40448K, 0% used [0x00000000e8780000,0x00000000e8780000,0x00000000eaf00000)
 ParOldGen       total 140800K, used 84289K [0x00000000a0000000, 0x00000000a8980000, 0x00000000e0000000)
  object space 140800K, 59% used [0x00000000a0000000,0x00000000a52504c0,0x00000000a8980000)
 Metaspace       used 72399K, capacity 75558K, committed 75560K, reserved 1114112K
  class space    used 9575K, capacity 10286K, committed 10288K, reserved 1048576K
Event: 674.913 GC heap after
Heap after GC invocations=45 (full 5):
 PSYoungGen      total 134144K, used 34648K [0x00000000e0000000, 0x00000000eb980000, 0x0000000100000000)
  eden space 93696K, 0% used [0x00000000e0000000,0x00000000e0000000,0x00000000e5b80000)
  from space 40448K, 85% used [0x00000000e8780000,0x00000000ea9561a8,0x00000000eaf00000)
  to   space 45056K, 0% used [0x00000000e5b80000,0x00000000e5b80000,0x00000000e8780000)
 ParOldGen       total 140800K, used 84289K [0x00000000a0000000, 0x00000000a8980000, 0x00000000e0000000)
  object space 140800K, 59% used [0x00000000a0000000,0x00000000a52504c0,0x00000000a8980000)
 Metaspace       used 72399K, capacity 75558K, committed 75560K, reserved 1114112K
  class space    used 9575K, capacity 10286K, committed 10288K, reserved 1048576K
}
Event: 675.236 GC heap before
{Heap before GC invocations=46 (full 5):
 PSYoungGen      total 134144K, used 128344K [0x00000000e0000000, 0x00000000eb980000, 0x0000000100000000)
  eden space 93696K, 100% used [0x00000000e0000000,0x00000000e5b80000,0x00000000e5b80000)
  from space 40448K, 85% used [0x00000000e8780000,0x00000000ea9561a8,0x00000000eaf00000)
  to   space 45056K, 0% used [0x00000000e5b80000,0x00000000e5b80000,0x00000000e8780000)
 ParOldGen       total 140800K, used 84289K [0x00000000a0000000, 0x00000000a8980000, 0x00000000e0000000)
  object space 140800K, 59% used [0x00000000a0000000,0x00000000a52504c0,0x00000000a8980000)
 Metaspace       used 72435K, capacity 75558K, committed 75560K, reserved 1114112K
  class space    used 9575K, capacity 10286K, committed 10288K, reserved 1048576K
Event: 675.284 GC heap after
Heap after GC invocations=46 (full 5):
 PSYoungGen      total 138752K, used 27882K [0x00000000e0000000, 0x00000000ec800000, 0x0000000100000000)
  eden space 93696K, 0% used [0x00000000e0000000,0x00000000e0000000,0x00000000e5b80000)
  from space 45056K, 61% used [0x00000000e5b80000,0x00000000e76baa90,0x00000000e8780000)
  to   space 46592K, 0% used [0x00000000e9a80000,0x00000000e9a80000,0x00000000ec800000)
 ParOldGen       total 140800K, used 104860K [0x00000000a0000000, 0x00000000a8980000, 0x00000000e0000000)
  object space 140800K, 74% used [0x00000000a0000000,0x00000000a6667098,0x00000000a8980000)
 Metaspace       used 72435K, capacity 75558K, committed 75560K, reserved 1114112K
  class space    used 9575K, capacity 10286K, committed 10288K, reserved 1048576K
}
Event: 675.632 GC heap before
{Heap before GC invocations=47 (full 5):
 PSYoungGen      total 138752K, used 121578K [0x00000000e0000000, 0x00000000ec800000, 0x0000000100000000)
  eden space 93696K, 100% used [0x00000000e0000000,0x00000000e5b80000,0x00000000e5b80000)
  from space 45056K, 61% used [0x00000000e5b80000,0x00000000e76baa90,0x00000000e8780000)
  to   space 46592K, 0% used [0x00000000e9a80000,0x00000000e9a80000,0x00000000ec800000)
 ParOldGen       total 140800K, used 104860K [0x00000000a0000000, 0x00000000a8980000, 0x00000000e0000000)
  object space 140800K, 74% used [0x00000000a0000000,0x00000000a6667098,0x00000000a8980000)
 Metaspace       used 72445K, capacity 75558K, committed 75560K, reserved 1114112K
  class space    used 9575K, capacity 10286K, committed 10288K, reserved 1048576K
Event: 675.668 GC heap after
Heap after GC invocations=47 (full 5):
 PSYoungGen      total 153088K, used 14410K [0x00000000e0000000, 0x00000000ec300000, 0x0000000100000000)
  eden space 111616K, 0% used [0x00000000e0000000,0x00000000e0000000,0x00000000e6d00000)
  from space 41472K, 34% used [0x00000000e9a80000,0x00000000ea892890,0x00000000ec300000)
  to   space 44032K, 0% used [0x00000000e6d00000,0x00000000e6d00000,0x00000000e9800000)
 ParOldGen       total 140800K, used 113476K [0x00000000a0000000, 0x00000000a8980000, 0x00000000e0000000)
  object space 140800K, 80% used [0x00000000a0000000,0x00000000a6ed1230,0x00000000a8980000)
 Metaspace       used 72445K, capacity 75558K, committed 75560K, reserved 1114112K
  class space    used 9575K, capacity 10286K, committed 10288K, reserved 1048576K
}
Event: 676.292 GC heap before
{Heap before GC invocations=48 (full 5):
 PSYoungGen      total 153088K, used 126026K [0x00000000e0000000, 0x00000000ec300000, 0x0000000100000000)
  eden space 111616K, 100% used [0x00000000e0000000,0x00000000e6d00000,0x00000000e6d00000)
  from space 41472K, 34% used [0x00000000e9a80000,0x00000000ea892890,0x00000000ec300000)
  to   space 44032K, 0% used [0x00000000e6d00000,0x00000000e6d00000,0x00000000e9800000)
 ParOldGen       total 140800K, used 113476K [0x00000000a0000000, 0x00000000a8980000, 0x00000000e0000000)
  object space 140800K, 80% used [0x00000000a0000000,0x00000000a6ed1230,0x00000000a8980000)
 Metaspace       used 72486K, capacity 75622K, committed 75816K, reserved 1114112K
  class space    used 9575K, capacity 10286K, committed 10288K, reserved 1048576K
Event: 676.339 GC heap after
Heap after GC invocations=48 (full 5):
 PSYoungGen      total 155648K, used 31352K [0x00000000e0000000, 0x00000000edc80000, 0x0000000100000000)
  eden space 111616K, 0% used [0x00000000e0000000,0x00000000e0000000,0x00000000e6d00000)
  from space 44032K, 71% used [0x00000000e6d00000,0x00000000e8b9e108,0x00000000e9800000)
  to   space 46592K, 0% used [0x00000000eaf00000,0x00000000eaf00000,0x00000000edc80000)
 ParOldGen       total 140800K, used 125069K [0x00000000a0000000, 0x00000000a8980000, 0x00000000e0000000)
  object space 140800K, 88% used [0x00000000a0000000,0x00000000a7a235f0,0x00000000a8980000)
 Metaspace       used 72486K, capacity 75622K, committed 75816K, reserved 1114112K
  class space    used 9575K, capacity 10286K, committed 10288K, reserved 1048576K
}
Event: 676.339 GC heap before
{Heap before GC invocations=49 (full 6):
 PSYoungGen      total 155648K, used 31352K [0x00000000e0000000, 0x00000000edc80000, 0x0000000100000000)
  eden space 111616K, 0% used [0x00000000e0000000,0x00000000e0000000,0x00000000e6d00000)
  from space 44032K, 71% used [0x00000000e6d00000,0x00000000e8b9e108,0x00000000e9800000)
  to   space 46592K, 0% used [0x00000000eaf00000,0x00000000eaf00000,0x00000000edc80000)
 ParOldGen       total 140800K, used 125069K [0x00000000a0000000, 0x00000000a8980000, 0x00000000e0000000)
  object space 140800K, 88% used [0x00000000a0000000,0x00000000a7a235f0,0x00000000a8980000)
 Metaspace       used 72486K, capacity 75622K, committed 75816K, reserved 1114112K
  class space    used 9575K, capacity 10286K, committed 10288K, reserved 1048576K

