# JRE version: OpenJDK Runtime Environment (8.0_112-b06) (build 1.8.0_112-release-b06)
# Java VM: OpenJDK 64-Bit Server VM (25.112-b06 mixed mode windows-amd64 compressed oops)
Heap:
 PSYoungGen      total 50688K, used 43716K [0x00000000e0000000, 0x00000000e3880000, 0x0000000100000000)
  eden space 44544K, 86% used [0x00000000e0000000,0x00000000e259c240,0x00000000e2b80000)
  from space 6144K, 84% used [0x00000000e3200000,0x00000000e3715048,0x00000000e3800000)
  to   space 6656K, 0% used [0x00000000e2b80000,0x00000000e2b80000,0x00000000e3200000)
 ParOldGen       total 31232K, used 7715K [0x00000000a0000000, 0x00000000a1e80000, 0x00000000e0000000)
  object space 31232K, 24% used [0x00000000a0000000,0x00000000a0788e90,0x00000000a1e80000)
 Metaspace       used 28832K, capacity 29292K, committed 29440K, reserved 1075200K
  class space    used 3912K, capacity 4049K, committed 4096K, reserved 1048576K
GC Heap History (10 events):
Event: 14.210 GC heap before
{Heap before GC invocations=7 (full 0):
 PSYoungGen      total 21504K, used 20513K [0x00000000e0000000, 0x00000000e2c00000, 0x0000000100000000)
  eden space 15872K, 100% used [0x00000000e0000000,0x00000000e0f80000,0x00000000e0f80000)
  from space 5632K, 82% used [0x00000000e1580000,0x00000000e1a08488,0x00000000e1b00000)
  to   space 6144K, 0% used [0x00000000e0f80000,0x00000000e0f80000,0x00000000e1580000)
 ParOldGen       total 44032K, used 6638K [0x00000000a0000000, 0x00000000a2b00000, 0x00000000e0000000)
  object space 44032K, 15% used [0x00000000a0000000,0x00000000a067bb70,0x00000000a2b00000)
 Metaspace       used 20387K, capacity 20722K, committed 20864K, reserved 1067008K
  class space    used 2749K, capacity 2867K, committed 2944K, reserved 1048576K
Event: 14.267 GC heap after
Heap after GC invocations=7 (full 0):
 PSYoungGen      total 22016K, used 5500K [0x00000000e0000000, 0x00000000e2c00000, 0x0000000100000000)
  eden space 15872K, 0% used [0x00000000e0000000,0x00000000e0000000,0x00000000e0f80000)
  from space 6144K, 89% used [0x00000000e0f80000,0x00000000e14df170,0x00000000e1580000)
  to   space 6656K, 0% used [0x00000000e2580000,0x00000000e2580000,0x00000000e2c00000)
 ParOldGen       total 44032K, used 7497K [0x00000000a0000000, 0x00000000a2b00000, 0x00000000e0000000)
  object space 44032K, 17% used [0x00000000a0000000,0x00000000a07525c8,0x00000000a2b00000)
 Metaspace       used 20387K, capacity 20722K, committed 20864K, reserved 1067008K
  class space    used 2749K, capacity 2867K, committed 2944K, reserved 1048576K
}
Event: 14.549 GC heap before
{Heap before GC invocations=8 (full 0):
 PSYoungGen      total 22016K, used 10226K [0x00000000e0000000, 0x00000000e2c00000, 0x0000000100000000)
  eden space 15872K, 29% used [0x00000000e0000000,0x00000000e049d7e8,0x00000000e0f80000)
  from space 6144K, 89% used [0x00000000e0f80000,0x00000000e14df170,0x00000000e1580000)
  to   space 6656K, 0% used [0x00000000e2580000,0x00000000e2580000,0x00000000e2c00000)
 ParOldGen       total 44032K, used 7497K [0x00000000a0000000, 0x00000000a2b00000, 0x00000000e0000000)
  object space 44032K, 17% used [0x00000000a0000000,0x00000000a07525c8,0x00000000a2b00000)
 Metaspace       used 20802K, capacity 21112K, committed 21296K, reserved 1067008K
  class space    used 2766K, capacity 2869K, committed 2944K, reserved 1048576K
Event: 14.579 GC heap after
Heap after GC invocations=8 (full 0):
 PSYoungGen      total 37376K, used 4107K [0x00000000e0000000, 0x00000000e2b00000, 0x0000000100000000)
  eden space 31744K, 0% used [0x00000000e0000000,0x00000000e0000000,0x00000000e1f00000)
  from space 5632K, 72% used [0x00000000e2580000,0x00000000e2982fc0,0x00000000e2b00000)
  to   space 6144K, 0% used [0x00000000e1f00000,0x00000000e1f00000,0x00000000e2500000)
 ParOldGen       total 44032K, used 8717K [0x00000000a0000000, 0x00000000a2b00000, 0x00000000e0000000)
  object space 44032K, 19% used [0x00000000a0000000,0x00000000a0883670,0x00000000a2b00000)
 Metaspace       used 20802K, capacity 21112K, committed 21296K, reserved 1067008K
  class space    used 2766K, capacity 2869K, committed 2944K, reserved 1048576K
}
Event: 14.579 GC heap before
{Heap before GC invocations=9 (full 1):
 PSYoungGen      total 37376K, used 4107K [0x00000000e0000000, 0x00000000e2b00000, 0x0000000100000000)
  eden space 31744K, 0% used [0x00000000e0000000,0x00000000e0000000,0x00000000e1f00000)
  from space 5632K, 72% used [0x00000000e2580000,0x00000000e2982fc0,0x00000000e2b00000)
  to   space 6144K, 0% used [0x00000000e1f00000,0x00000000e1f00000,0x00000000e2500000)
 ParOldGen       total 44032K, used 8717K [0x00000000a0000000, 0x00000000a2b00000, 0x00000000e0000000)
  object space 44032K, 19% used [0x00000000a0000000,0x00000000a0883670,0x00000000a2b00000)
 Metaspace       used 20802K, capacity 21112K, committed 21296K, reserved 1067008K
  class space    used 2766K, capacity 2869K, committed 2944K, reserved 1048576K
Event: 14.763 GC heap after
Heap after GC invocations=9 (full 1):
 PSYoungGen      total 37376K, used 0K [0x00000000e0000000, 0x00000000e2b00000, 0x0000000100000000)
  eden space 31744K, 0% used [0x00000000e0000000,0x00000000e0000000,0x00000000e1f00000)
  from space 5632K, 0% used [0x00000000e2580000,0x00000000e2580000,0x00000000e2b00000)
  to   space 6144K, 0% used [0x00000000e1f00000,0x00000000e1f00000,0x00000000e2500000)
 ParOldGen       total 31232K, used 7715K [0x00000000a0000000, 0x00000000a1e80000, 0x00000000e0000000)
  object space 31232K, 24% used [0x00000000a0000000,0x00000000a0788e90,0x00000000a1e80000)
 Metaspace       used 20802K, capacity 21112K, committed 21296K, reserved 1067008K
  class space    used 2766K, capacity 2869K, committed 2944K, reserved 1048576K
}
Event: 18.581 GC heap before
{Heap before GC invocations=10 (full 1):
 PSYoungGen      total 37376K, used 31744K [0x00000000e0000000, 0x00000000e2b00000, 0x0000000100000000)
  eden space 31744K, 100% used [0x00000000e0000000,0x00000000e1f00000,0x00000000e1f00000)
  from space 5632K, 0% used [0x00000000e2580000,0x00000000e2580000,0x00000000e2b00000)
  to   space 6144K, 0% used [0x00000000e1f00000,0x00000000e1f00000,0x00000000e2500000)
 ParOldGen       total 31232K, used 7715K [0x00000000a0000000, 0x00000000a1e80000, 0x00000000e0000000)
  object space 31232K, 24% used [0x00000000a0000000,0x00000000a0788e90,0x00000000a1e80000)
 Metaspace       used 23785K, capacity 24118K, committed 24448K, reserved 1071104K
  class space    used 3202K, capacity 3330K, committed 3456K, reserved 1048576K
Event: 18.597 GC heap after
Heap after GC invocations=10 (full 1):
 PSYoungGen      total 37888K, used 4576K [0x00000000e0000000, 0x00000000e3800000, 0x0000000100000000)
  eden space 31744K, 0% used [0x00000000e0000000,0x00000000e0000000,0x00000000e1f00000)
  from space 6144K, 74% used [0x00000000e1f00000,0x00000000e2378200,0x00000000e2500000)
  to   space 6144K, 0% used [0x00000000e3200000,0x00000000e3200000,0x00000000e3800000)
 ParOldGen       total 31232K, used 7715K [0x00000000a0000000, 0x00000000a1e80000, 0x00000000e0000000)
  object space 31232K, 24% used [0x00000000a0000000,0x00000000a0788e90,0x00000000a1e80000)
 Metaspace       used 23785K, capacity 24118K, committed 24448K, reserved 1071104K
  class space    used 3202K, capacity 3330K, committed 3456K, reserved 1048576K
}
Event: 21.949 GC heap before
{Heap before GC invocations=11 (full 1):
 PSYoungGen      total 37888K, used 36320K [0x00000000e0000000, 0x00000000e3800000, 0x0000000100000000)
  eden space 31744K, 100% used [0x00000000e0000000,0x00000000e1f00000,0x00000000e1f00000)
  from space 6144K, 74% used [0x00000000e1f00000,0x00000000e2378200,0x00000000e2500000)
  to   space 6144K, 0% used [0x00000000e3200000,0x00000000e3200000,0x00000000e3800000)
 ParOldGen       total 31232K, used 7715K [0x00000000a0000000, 0x00000000a1e80000, 0x00000000e0000000)
  object space 31232K, 24% used [0x00000000a0000000,0x00000000a0788e90,0x00000000a1e80000)
 Metaspace       used 26011K, capacity 26476K, committed 26880K, reserved 1073152K
  class space    used 3576K, capacity 3729K, committed 3840K, reserved 1048576K
Event: 21.995 GC heap after
Heap after GC invocations=11 (full 1):
 PSYoungGen      total 50688K, used 5204K [0x00000000e0000000, 0x00000000e3880000, 0x0000000100000000)
  eden space 44544K, 0% used [0x00000000e0000000,0x00000000e0000000,0x00000000e2b80000)
  from space 6144K, 84% used [0x00000000e3200000,0x00000000e3715048,0x00000000e3800000)
  to   space 6656K, 0% used [0x00000000e2b80000,0x00000000e2b80000,0x00000000e3200000)
 ParOldGen       total 31232K, used 7715K [0x00000000a0000000, 0x00000000a1e80000, 0x00000000e0000000)
  object space 31232K, 24% used [0x00000000a0000000,0x00000000a0788e90,0x00000000a1e80000)
 Metaspace       used 26011K, capacity 26476K, committed 26880K, reserved 1073152K
  class space    used 3576K, capacity 3729K, committed 3840K, reserved 1048576K
}

