# JRE version: OpenJDK Runtime Environment (8.0_112-b06) (build 1.8.0_112-release-b06)
# Java VM: OpenJDK 64-Bit Server VM (25.112-b06 mixed mode windows-amd64 compressed oops)
Heap:
 PSYoungGen      total 105984K, used 26067K [0x00000000e0000000, 0x00000000e7380000, 0x0000000100000000)
  eden space 97280K, 19% used [0x00000000e0000000,0x00000000e124ffa0,0x00000000e5f00000)
  from space 8704K, 84% used [0x00000000e6800000,0x00000000e6f24d38,0x00000000e7080000)
  to   space 9216K, 0% used [0x00000000e5f00000,0x00000000e5f00000,0x00000000e6800000)
 ParOldGen       total 52224K, used 16354K [0x00000000a0000000, 0x00000000a3300000, 0x00000000e0000000)
  object space 52224K, 31% used [0x00000000a0000000,0x00000000a0ff8b80,0x00000000a3300000)
 Metaspace       used 38306K, capacity 39160K, committed 39384K, reserved 1083392K
  class space    used 5135K, capacity 5336K, committed 5336K, reserved 1048576K
GC Heap History (10 events):
Event: 15.737 GC heap before
{Heap before GC invocations=10 (full 1):
 PSYoungGen      total 57344K, used 56833K [0x00000000e0000000, 0x00000000e4b80000, 0x0000000100000000)
  eden space 53248K, 100% used [0x00000000e0000000,0x00000000e3400000,0x00000000e3400000)
  from space 4096K, 87% used [0x00000000e4780000,0x00000000e4b00508,0x00000000e4b80000)
  to   space 7680K, 0% used [0x00000000e3c80000,0x00000000e3c80000,0x00000000e4400000)
 ParOldGen       total 36864K, used 10771K [0x00000000a0000000, 0x00000000a2400000, 0x00000000e0000000)
  object space 36864K, 29% used [0x00000000a0000000,0x00000000a0a84cf0,0x00000000a2400000)
 Metaspace       used 27602K, capacity 28188K, committed 28416K, reserved 1073152K
  class space    used 3854K, capacity 4054K, committed 4096K, reserved 1048576K
Event: 15.749 GC heap after
Heap after GC invocations=10 (full 1):
 PSYoungGen      total 69632K, used 7654K [0x00000000e0000000, 0x00000000e5780000, 0x0000000100000000)
  eden space 61952K, 0% used [0x00000000e0000000,0x00000000e0000000,0x00000000e3c80000)
  from space 7680K, 99% used [0x00000000e3c80000,0x00000000e43f9988,0x00000000e4400000)
  to   space 8704K, 0% used [0x00000000e4f00000,0x00000000e4f00000,0x00000000e5780000)
 ParOldGen       total 36864K, used 11126K [0x00000000a0000000, 0x00000000a2400000, 0x00000000e0000000)
  object space 36864K, 30% used [0x00000000a0000000,0x00000000a0addb40,0x00000000a2400000)
 Metaspace       used 27602K, capacity 28188K, committed 28416K, reserved 1073152K
  class space    used 3854K, capacity 4054K, committed 4096K, reserved 1048576K
}
Event: 23.052 GC heap before
{Heap before GC invocations=11 (full 1):
 PSYoungGen      total 69632K, used 69606K [0x00000000e0000000, 0x00000000e5780000, 0x0000000100000000)
  eden space 61952K, 100% used [0x00000000e0000000,0x00000000e3c80000,0x00000000e3c80000)
  from space 7680K, 99% used [0x00000000e3c80000,0x00000000e43f9988,0x00000000e4400000)
  to   space 8704K, 0% used [0x00000000e4f00000,0x00000000e4f00000,0x00000000e5780000)
 ParOldGen       total 36864K, used 11126K [0x00000000a0000000, 0x00000000a2400000, 0x00000000e0000000)
  object space 36864K, 30% used [0x00000000a0000000,0x00000000a0addb40,0x00000000a2400000)
 Metaspace       used 30755K, capacity 31412K, committed 31616K, reserved 1077248K
  class space    used 4210K, capacity 4429K, committed 4480K, reserved 1048576K
Event: 23.063 GC heap after
Heap after GC invocations=11 (full 1):
 PSYoungGen      total 80384K, used 6599K [0x00000000e0000000, 0x00000000e6180000, 0x0000000100000000)
  eden space 71680K, 0% used [0x00000000e0000000,0x00000000e0000000,0x00000000e4600000)
  from space 8704K, 75% used [0x00000000e4f00000,0x00000000e5571e18,0x00000000e5780000)
  to   space 9216K, 0% used [0x00000000e4600000,0x00000000e4600000,0x00000000e4f00000)
 ParOldGen       total 36864K, used 12507K [0x00000000a0000000, 0x00000000a2400000, 0x00000000e0000000)
  object space 36864K, 33% used [0x00000000a0000000,0x00000000a0c36e90,0x00000000a2400000)
 Metaspace       used 30755K, capacity 31412K, committed 31616K, reserved 1077248K
  class space    used 4210K, capacity 4429K, committed 4480K, reserved 1048576K
}
Event: 23.522 GC heap before
{Heap before GC invocations=12 (full 1):
 PSYoungGen      total 80384K, used 29608K [0x00000000e0000000, 0x00000000e6180000, 0x0000000100000000)
  eden space 71680K, 32% used [0x00000000e0000000,0x00000000e1678220,0x00000000e4600000)
  from space 8704K, 75% used [0x00000000e4f00000,0x00000000e5571e18,0x00000000e5780000)
  to   space 9216K, 0% used [0x00000000e4600000,0x00000000e4600000,0x00000000e4f00000)
 ParOldGen       total 36864K, used 12507K [0x00000000a0000000, 0x00000000a2400000, 0x00000000e0000000)
  object space 36864K, 33% used [0x00000000a0000000,0x00000000a0c36e90,0x00000000a2400000)
 Metaspace       used 34492K, capacity 35270K, committed 35416K, reserved 1079296K
  class space    used 4656K, capacity 4886K, committed 4952K, reserved 1048576K
Event: 23.531 GC heap after
Heap after GC invocations=12 (full 1):
 PSYoungGen      total 80896K, used 5565K [0x00000000e0000000, 0x00000000e7080000, 0x0000000100000000)
  eden space 71680K, 0% used [0x00000000e0000000,0x00000000e0000000,0x00000000e4600000)
  from space 9216K, 60% used [0x00000000e4600000,0x00000000e4b6f6e8,0x00000000e4f00000)
  to   space 8704K, 0% used [0x00000000e6800000,0x00000000e6800000,0x00000000e7080000)
 ParOldGen       total 36864K, used 15680K [0x00000000a0000000, 0x00000000a2400000, 0x00000000e0000000)
  object space 36864K, 42% used [0x00000000a0000000,0x00000000a0f50300,0x00000000a2400000)
 Metaspace       used 34492K, capacity 35270K, committed 35416K, reserved 1079296K
  class space    used 4656K, capacity 4886K, committed 4952K, reserved 1048576K
}
Event: 23.531 GC heap before
{Heap before GC invocations=13 (full 2):
 PSYoungGen      total 80896K, used 5565K [0x00000000e0000000, 0x00000000e7080000, 0x0000000100000000)
  eden space 71680K, 0% used [0x00000000e0000000,0x00000000e0000000,0x00000000e4600000)
  from space 9216K, 60% used [0x00000000e4600000,0x00000000e4b6f6e8,0x00000000e4f00000)
  to   space 8704K, 0% used [0x00000000e6800000,0x00000000e6800000,0x00000000e7080000)
 ParOldGen       total 36864K, used 15680K [0x00000000a0000000, 0x00000000a2400000, 0x00000000e0000000)
  object space 36864K, 42% used [0x00000000a0000000,0x00000000a0f50300,0x00000000a2400000)
 Metaspace       used 34492K, capacity 35270K, committed 35416K, reserved 1079296K
  class space    used 4656K, capacity 4886K, committed 4952K, reserved 1048576K
Event: 23.630 GC heap after
Heap after GC invocations=13 (full 2):
 PSYoungGen      total 80896K, used 0K [0x00000000e0000000, 0x00000000e7080000, 0x0000000100000000)
  eden space 71680K, 0% used [0x00000000e0000000,0x00000000e0000000,0x00000000e4600000)
  from space 9216K, 0% used [0x00000000e4600000,0x00000000e4600000,0x00000000e4f00000)
  to   space 8704K, 0% used [0x00000000e6800000,0x00000000e6800000,0x00000000e7080000)
 ParOldGen       total 52224K, used 16354K [0x00000000a0000000, 0x00000000a3300000, 0x00000000e0000000)
  object space 52224K, 31% used [0x00000000a0000000,0x00000000a0ff8b80,0x00000000a3300000)
 Metaspace       used 34492K, capacity 35270K, committed 35416K, reserved 1079296K
  class space    used 4656K, capacity 4886K, committed 4952K, reserved 1048576K
}
Event: 24.586 GC heap before
{Heap before GC invocations=14 (full 2):
 PSYoungGen      total 80896K, used 71680K [0x00000000e0000000, 0x00000000e7080000, 0x0000000100000000)
  eden space 71680K, 100% used [0x00000000e0000000,0x00000000e4600000,0x00000000e4600000)
  from space 9216K, 0% used [0x00000000e4600000,0x00000000e4600000,0x00000000e4f00000)
  to   space 8704K, 0% used [0x00000000e6800000,0x00000000e6800000,0x00000000e7080000)
 ParOldGen       total 52224K, used 16354K [0x00000000a0000000, 0x00000000a3300000, 0x00000000e0000000)
  object space 52224K, 31% used [0x00000000a0000000,0x00000000a0ff8b80,0x00000000a3300000)
 Metaspace       used 38163K, capacity 38956K, committed 39128K, reserved 1083392K
  class space    used 5120K, capacity 5332K, committed 5336K, reserved 1048576K
Event: 24.611 GC heap after
Heap after GC invocations=14 (full 2):
 PSYoungGen      total 105984K, used 7315K [0x00000000e0000000, 0x00000000e7380000, 0x0000000100000000)
  eden space 97280K, 0% used [0x00000000e0000000,0x00000000e0000000,0x00000000e5f00000)
  from space 8704K, 84% used [0x00000000e6800000,0x00000000e6f24d38,0x00000000e7080000)
  to   space 9216K, 0% used [0x00000000e5f00000,0x00000000e5f00000,0x00000000e6800000)
 ParOldGen       total 52224K, used 16354K [0x00000000a0000000, 0x00000000a3300000, 0x00000000e0000000)
  object space 52224K, 31% used [0x00000000a0000000,0x00000000a0ff8b80,0x00000000a3300000)
 Metaspace       used 38163K, capacity 38956K, committed 39128K, reserved 1083392K
  class space    used 5120K, capacity 5332K, committed 5336K, reserved 1048576K
}

