# JRE version: OpenJDK Runtime Environment (8.0_112-b06) (build 1.8.0_112-release-b06)
# Java VM: OpenJDK 64-Bit Server VM (25.112-b06 mixed mode windows-amd64 compressed oops)
Heap:
 PSYoungGen      total 320512K, used 39715K [0x00000000e0000000, 0x00000000f7a80000, 0x0000000100000000)
  eden space 270848K, 0% used [0x00000000e0000000,0x00000000e0000000,0x00000000f0880000)
  from space 49664K, 79% used [0x00000000f3d00000,0x00000000f63c8db0,0x00000000f6d80000)
  to   space 53760K, 0% used [0x00000000f0880000,0x00000000f0880000,0x00000000f3d00000)
 ParOldGen       total 172544K, used 164183K [0x00000000a0000000, 0x00000000aa880000, 0x00000000e0000000)
  object space 172544K, 95% used [0x00000000a0000000,0x00000000aa055e30,0x00000000aa880000)
 Metaspace       used 71705K, capacity 74226K, committed 75992K, reserved 1116160K
  class space    used 9028K, capacity 9478K, committed 9944K, reserved 1048576K
GC Heap History (10 events):
Event: 2977.627 GC heap after
Heap after GC invocations=32 (full 4):
 PSYoungGen      total 239616K, used 25248K [0x00000000e0000000, 0x00000000f1d00000, 0x0000000100000000)
  eden space 190464K, 0% used [0x00000000e0000000,0x00000000e0000000,0x00000000eba00000)
  from space 49152K, 51% used [0x00000000eed00000,0x00000000f05a81c0,0x00000000f1d00000)
  to   space 50688K, 0% used [0x00000000eba00000,0x00000000eba00000,0x00000000eeb80000)
 ParOldGen       total 172544K, used 115589K [0x00000000a0000000, 0x00000000aa880000, 0x00000000e0000000)
  object space 172544K, 66% used [0x00000000a0000000,0x00000000a70e1710,0x00000000aa880000)
 Metaspace       used 70547K, capacity 72848K, committed 75224K, reserved 1114112K
  class space    used 8962K, capacity 9401K, committed 9944K, reserved 1048576K
}
Event: 3411.455 GC heap before
{Heap before GC invocations=33 (full 4):
 PSYoungGen      total 239616K, used 215712K [0x00000000e0000000, 0x00000000f1d00000, 0x0000000100000000)
  eden space 190464K, 100% used [0x00000000e0000000,0x00000000eba00000,0x00000000eba00000)
  from space 49152K, 51% used [0x00000000eed00000,0x00000000f05a81c0,0x00000000f1d00000)
  to   space 50688K, 0% used [0x00000000eba00000,0x00000000eba00000,0x00000000eeb80000)
 ParOldGen       total 172544K, used 115589K [0x00000000a0000000, 0x00000000aa880000, 0x00000000e0000000)
  object space 172544K, 66% used [0x00000000a0000000,0x00000000a70e1710,0x00000000aa880000)
 Metaspace       used 71421K, capacity 73842K, committed 75480K, reserved 1114112K
  class space    used 9022K, capacity 9468K, committed 9944K, reserved 1048576K
Event: 3411.662 GC heap after
Heap after GC invocations=33 (full 4):
 PSYoungGen      total 241152K, used 18324K [0x00000000e0000000, 0x00000000f4100000, 0x0000000100000000)
  eden space 190464K, 0% used [0x00000000e0000000,0x00000000e0000000,0x00000000eba00000)
  from space 50688K, 36% used [0x00000000eba00000,0x00000000ecbe50f0,0x00000000eeb80000)
  to   space 48640K, 0% used [0x00000000f1180000,0x00000000f1180000,0x00000000f4100000)
 ParOldGen       total 172544K, used 122979K [0x00000000a0000000, 0x00000000aa880000, 0x00000000e0000000)
  object space 172544K, 71% used [0x00000000a0000000,0x00000000a7818f08,0x00000000aa880000)
 Metaspace       used 71421K, capacity 73842K, committed 75480K, reserved 1114112K
  class space    used 9022K, capacity 9468K, committed 9944K, reserved 1048576K
}
Event: 3441.888 GC heap before
{Heap before GC invocations=34 (full 4):
 PSYoungGen      total 241152K, used 208788K [0x00000000e0000000, 0x00000000f4100000, 0x0000000100000000)
  eden space 190464K, 100% used [0x00000000e0000000,0x00000000eba00000,0x00000000eba00000)
  from space 50688K, 36% used [0x00000000eba00000,0x00000000ecbe50f0,0x00000000eeb80000)
  to   space 48640K, 0% used [0x00000000f1180000,0x00000000f1180000,0x00000000f4100000)
 ParOldGen       total 172544K, used 122979K [0x00000000a0000000, 0x00000000aa880000, 0x00000000e0000000)
  object space 172544K, 71% used [0x00000000a0000000,0x00000000a7818f08,0x00000000aa880000)
 Metaspace       used 71699K, capacity 74226K, committed 75992K, reserved 1116160K
  class space    used 9028K, capacity 9478K, committed 9944K, reserved 1048576K
Event: 3442.069 GC heap after
Heap after GC invocations=34 (full 4):
 PSYoungGen      total 274944K, used 5883K [0x00000000e0000000, 0x00000000f3e80000, 0x0000000100000000)
  eden space 228864K, 0% used [0x00000000e0000000,0x00000000e0000000,0x00000000edf80000)
  from space 46080K, 12% used [0x00000000f1180000,0x00000000f173ed70,0x00000000f3e80000)
  to   space 48640K, 0% used [0x00000000edf80000,0x00000000edf80000,0x00000000f0f00000)
 ParOldGen       total 172544K, used 135552K [0x00000000a0000000, 0x00000000aa880000, 0x00000000e0000000)
  object space 172544K, 78% used [0x00000000a0000000,0x00000000a8460350,0x00000000aa880000)
 Metaspace       used 71699K, capacity 74226K, committed 75992K, reserved 1116160K
  class space    used 9028K, capacity 9478K, committed 9944K, reserved 1048576K
}
Event: 3446.928 GC heap before
{Heap before GC invocations=35 (full 4):
 PSYoungGen      total 274944K, used 234747K [0x00000000e0000000, 0x00000000f3e80000, 0x0000000100000000)
  eden space 228864K, 100% used [0x00000000e0000000,0x00000000edf80000,0x00000000edf80000)
  from space 46080K, 12% used [0x00000000f1180000,0x00000000f173ed70,0x00000000f3e80000)
  to   space 48640K, 0% used [0x00000000edf80000,0x00000000edf80000,0x00000000f0f00000)
 ParOldGen       total 172544K, used 135552K [0x00000000a0000000, 0x00000000aa880000, 0x00000000e0000000)
  object space 172544K, 78% used [0x00000000a0000000,0x00000000a8460350,0x00000000aa880000)
 Metaspace       used 71699K, capacity 74226K, committed 75992K, reserved 1116160K
  class space    used 9028K, capacity 9478K, committed 9944K, reserved 1048576K
Event: 3447.067 GC heap after
Heap after GC invocations=35 (full 4):
 PSYoungGen      total 277504K, used 30916K [0x00000000e0000000, 0x00000000f6d80000, 0x0000000100000000)
  eden space 228864K, 0% used [0x00000000e0000000,0x00000000e0000000,0x00000000edf80000)
  from space 48640K, 63% used [0x00000000edf80000,0x00000000efdb1078,0x00000000f0f00000)
  to   space 49664K, 0% used [0x00000000f3d00000,0x00000000f3d00000,0x00000000f6d80000)
 ParOldGen       total 172544K, used 139125K [0x00000000a0000000, 0x00000000aa880000, 0x00000000e0000000)
  object space 172544K, 80% used [0x00000000a0000000,0x00000000a87dd5a0,0x00000000aa880000)
 Metaspace       used 71699K, capacity 74226K, committed 75992K, reserved 1116160K
  class space    used 9028K, capacity 9478K, committed 9944K, reserved 1048576K
}
Event: 3450.867 GC heap before
{Heap before GC invocations=36 (full 4):
 PSYoungGen      total 277504K, used 259780K [0x00000000e0000000, 0x00000000f6d80000, 0x0000000100000000)
  eden space 228864K, 100% used [0x00000000e0000000,0x00000000edf80000,0x00000000edf80000)
  from space 48640K, 63% used [0x00000000edf80000,0x00000000efdb1078,0x00000000f0f00000)
  to   space 49664K, 0% used [0x00000000f3d00000,0x00000000f3d00000,0x00000000f6d80000)
 ParOldGen       total 172544K, used 139125K [0x00000000a0000000, 0x00000000aa880000, 0x00000000e0000000)
  object space 172544K, 80% used [0x00000000a0000000,0x00000000a87dd5a0,0x00000000aa880000)
 Metaspace       used 71705K, capacity 74226K, committed 75992K, reserved 1116160K
  class space    used 9028K, capacity 9478K, committed 9944K, reserved 1048576K
Event: 3451.185 GC heap after
Heap after GC invocations=36 (full 4):
 PSYoungGen      total 320512K, used 39715K [0x00000000e0000000, 0x00000000f7a80000, 0x0000000100000000)
  eden space 270848K, 0% used [0x00000000e0000000,0x00000000e0000000,0x00000000f0880000)
  from space 49664K, 79% used [0x00000000f3d00000,0x00000000f63c8db0,0x00000000f6d80000)
  to   space 53760K, 0% used [0x00000000f0880000,0x00000000f0880000,0x00000000f3d00000)
 ParOldGen       total 172544K, used 164183K [0x00000000a0000000, 0x00000000aa880000, 0x00000000e0000000)
  object space 172544K, 95% used [0x00000000a0000000,0x00000000aa055e30,0x00000000aa880000)
 Metaspace       used 71705K, capacity 74226K, committed 75992K, reserved 1116160K
  class space    used 9028K, capacity 9478K, committed 9944K, reserved 1048576K
}
Event: 3451.185 GC heap before
{Heap before GC invocations=37 (full 5):
 PSYoungGen      total 320512K, used 39715K [0x00000000e0000000, 0x00000000f7a80000, 0x0000000100000000)
  eden space 270848K, 0% used [0x00000000e0000000,0x00000000e0000000,0x00000000f0880000)
  from space 49664K, 79% used [0x00000000f3d00000,0x00000000f63c8db0,0x00000000f6d80000)
  to   space 53760K, 0% used [0x00000000f0880000,0x00000000f0880000,0x00000000f3d00000)
 ParOldGen       total 172544K, used 164183K [0x00000000a0000000, 0x00000000aa880000, 0x00000000e0000000)
  object space 172544K, 95% used [0x00000000a0000000,0x00000000aa055e30,0x00000000aa880000)
 Metaspace       used 71705K, capacity 74226K, committed 75992K, reserved 1116160K
  class space    used 9028K, capacity 9478K, committed 9944K, reserved 1048576K

